==25059== Memcheck, a memory error detector
==25059== Copyright (C) 2002-2017, and GNU GPL'd, by Julian Seward et al.
==25059== Using Valgrind-3.13.0 and LibVEX; rerun with -h for copyright info
==25059== Command: ./code
==25059== Parent PID: 19839
==25059== 
--25059-- 
--25059-- Valgrind options:
--25059--    -v
--25059--    --log-file=valgrind.log
--25059--    --tool=memcheck
--25059--    --leak-check=full
--25059--    --show-mismatched-frees=yes
--25059-- Contents of /proc/version:
--25059--   Linux version 4.13.0-39-generic (buildd@lcy01-amd64-024) (gcc version 5.4.0 20160609 (Ubuntu 5.4.0-6ubuntu1~16.04.9)) #44~16.04.1-Ubuntu SMP Thu Apr 5 16:43:10 UTC 2018
--25059-- 
--25059-- Arch and hwcaps: AMD64, LittleEndian, amd64-cx16-lzcnt-rdtscp-sse3-avx-avx2-bmi
--25059-- Page sizes: currently 4096, max supported 4096
--25059-- Valgrind library directory: /usr/local/lib/valgrind
--25059-- Reading syms from /home/lyxin65/code/STL/deque/code
--25059-- Reading syms from /lib/x86_64-linux-gnu/ld-2.23.so
--25059--   Considering /lib/x86_64-linux-gnu/ld-2.23.so ..
--25059--   .. CRC mismatch (computed aa979a42 wanted 9019bbb7)
--25059--   Considering /usr/lib/debug/lib/x86_64-linux-gnu/ld-2.23.so ..
--25059--   .. CRC is valid
--25059-- Reading syms from /usr/local/lib/valgrind/memcheck-amd64-linux
--25059--    object doesn't have a dynamic symbol table
--25059-- Scheduler: using generic scheduler lock implementation.
--25059-- Reading suppressions file: /usr/local/lib/valgrind/default.supp
==25059== embedded gdbserver: reading from /tmp/vgdb-pipe-from-vgdb-to-25059-by-lyxin65-on-???
==25059== embedded gdbserver: writing to   /tmp/vgdb-pipe-to-vgdb-from-25059-by-lyxin65-on-???
==25059== embedded gdbserver: shared mem   /tmp/vgdb-pipe-shared-mem-vgdb-25059-by-lyxin65-on-???
==25059== 
==25059== TO CONTROL THIS PROCESS USING vgdb (which you probably
==25059== don't want to do, unless you know exactly what you're doing,
==25059== or are doing some strange experiment):
==25059==   /usr/local/lib/valgrind/../../bin/vgdb --pid=25059 ...command...
==25059== 
==25059== TO DEBUG THIS PROCESS USING GDB: start GDB like this
==25059==   /path/to/gdb ./code
==25059== and then give GDB the following command
==25059==   target remote | /usr/local/lib/valgrind/../../bin/vgdb --pid=25059
==25059== --pid is optional if only one valgrind process is running
==25059== 
--25059-- REDIR: 0x401cfd0 (ld-linux-x86-64.so.2:strlen) redirected to 0x580a1e91 (vgPlain_amd64_linux_REDIR_FOR_strlen)
--25059-- REDIR: 0x401b920 (ld-linux-x86-64.so.2:index) redirected to 0x580a1eab (vgPlain_amd64_linux_REDIR_FOR_index)
--25059-- Reading syms from /usr/local/lib/valgrind/vgpreload_core-amd64-linux.so
--25059-- Reading syms from /usr/local/lib/valgrind/vgpreload_memcheck-amd64-linux.so
==25059== WARNING: new redirection conflicts with existing -- ignoring it
--25059--     old: 0x0401cfd0 (strlen              ) R-> (0000.0) 0x580a1e91 vgPlain_amd64_linux_REDIR_FOR_strlen
--25059--     new: 0x0401cfd0 (strlen              ) R-> (2007.0) 0x04c30ad0 strlen
--25059-- REDIR: 0x401bb40 (ld-linux-x86-64.so.2:strcmp) redirected to 0x4c31b80 (strcmp)
--25059-- REDIR: 0x401dd30 (ld-linux-x86-64.so.2:mempcpy) redirected to 0x4c34d60 (mempcpy)
--25059-- Reading syms from /usr/lib/x86_64-linux-gnu/libstdc++.so.6.0.21
--25059--   Considering /usr/lib/x86_64-linux-gnu/libstdc++.so.6.0.21 ..
--25059--   .. CRC mismatch (computed 9adedc07 wanted 319402e2)
--25059--    object doesn't have a symbol table
--25059-- Reading syms from /lib/x86_64-linux-gnu/libgcc_s.so.1
--25059--   Considering /lib/x86_64-linux-gnu/libgcc_s.so.1 ..
--25059--   .. CRC mismatch (computed b9a68419 wanted 29d51b00)
--25059--    object doesn't have a symbol table
--25059-- Reading syms from /lib/x86_64-linux-gnu/libc-2.23.so
--25059--   Considering /lib/x86_64-linux-gnu/libc-2.23.so ..
--25059--   .. CRC mismatch (computed 7a8ee3e4 wanted a5190ac4)
--25059--   Considering /usr/lib/debug/lib/x86_64-linux-gnu/libc-2.23.so ..
--25059--   .. CRC is valid
--25059-- Reading syms from /lib/x86_64-linux-gnu/libm-2.23.so
--25059--   Considering /lib/x86_64-linux-gnu/libm-2.23.so ..
--25059--   .. CRC mismatch (computed e8c3647b wanted c3efddac)
--25059--   Considering /usr/lib/debug/lib/x86_64-linux-gnu/libm-2.23.so ..
--25059--   .. CRC is valid
--25059-- REDIR: 0x5461a00 (libc.so.6:strcasecmp) redirected to 0x4a28770 (_vgnU_ifunc_wrapper)
--25059-- REDIR: 0x545d280 (libc.so.6:strcspn) redirected to 0x4a28770 (_vgnU_ifunc_wrapper)
--25059-- REDIR: 0x5463cf0 (libc.so.6:strncasecmp) redirected to 0x4a28770 (_vgnU_ifunc_wrapper)
--25059-- REDIR: 0x545f6f0 (libc.so.6:strpbrk) redirected to 0x4a28770 (_vgnU_ifunc_wrapper)
--25059-- REDIR: 0x545fa80 (libc.so.6:strspn) redirected to 0x4a28770 (_vgnU_ifunc_wrapper)
--25059-- REDIR: 0x546114b (libc.so.6:memcpy@GLIBC_2.2.5) redirected to 0x4a28770 (_vgnU_ifunc_wrapper)
--25059-- REDIR: 0x545f400 (libc.so.6:rindex) redirected to 0x4c30450 (rindex)
--25059-- REDIR: 0x5456130 (libc.so.6:malloc) redirected to 0x4c2db6f (malloc)
--25059-- REDIR: 0x545d720 (libc.so.6:strlen) redirected to 0x4c30a10 (strlen)
--25059-- REDIR: 0x5460bf0 (libc.so.6:__GI_memcmp) redirected to 0x4c33640 (__GI_memcmp)
--25059-- REDIR: 0x545bcd0 (libc.so.6:strcmp) redirected to 0x4a28770 (_vgnU_ifunc_wrapper)
--25059-- REDIR: 0x5471570 (libc.so.6:__strcmp_sse2_unaligned) redirected to 0x4c31a40 (strcmp)
--25059-- REDIR: 0x54613b0 (libc.so.6:__GI_mempcpy) redirected to 0x4c34a90 (__GI_mempcpy)
--25059-- REDIR: 0x5468760 (libc.so.6:strchrnul) redirected to 0x4c34890 (strchrnul)
--25059-- REDIR: 0x4ec7e60 (libstdc++.so.6:operator new(unsigned long)) redirected to 0x4c2e18f (operator new(unsigned long))
--25059-- REDIR: 0x551f9b0 (libc.so.6:__memmove_avx_unaligned) redirected to 0x4c31ce0 (memcpy@GLIBC_2.2.5)
--25059-- REDIR: 0x4ec5f10 (libstdc++.so.6:operator delete(void*)) redirected to 0x4c2f119 (operator delete(void*))
--25059-- REDIR: 0x54564f0 (libc.so.6:free) redirected to 0x4c2ec69 (free)
--25059-- REDIR: 0x4ec7f10 (libstdc++.so.6:operator new[](unsigned long)) redirected to 0x4c2e834 (operator new[](unsigned long))
--25059-- REDIR: 0x4ec5f40 (libstdc++.so.6:operator delete[](void*)) redirected to 0x4c2f5c9 (operator delete[](void*))
--25059-- REDIR: 0x5460bb0 (libc.so.6:bcmp) redirected to 0x4a28770 (_vgnU_ifunc_wrapper)
--25059-- REDIR: 0x5540430 (libc.so.6:__memcmp_sse4_1) redirected to 0x4c33780 (__memcmp_sse4_1)
--25059-- REDIR: 0x54663f0 (libc.so.6:memcpy@@GLIBC_2.14) redirected to 0x4a28770 (_vgnU_ifunc_wrapper)
--25059-- REDIR: 0x551fea0 (libc.so.6:__memcpy_avx_unaligned) redirected to 0x4c31f50 (memcpy@@GLIBC_2.14)
--25059-- REDIR: 0x5460860 (libc.so.6:memchr) redirected to 0x4c31c20 (memchr)
--25059-- REDIR: 0x5466470 (libc.so.6:__GI_memcpy) redirected to 0x4c325b0 (__GI_memcpy)
==25059== 
==25059== HEAP SUMMARY:
==25059==     in use at exit: 72,704 bytes in 1 blocks
==25059==   total heap usage: 6,949,202 allocs, 6,949,201 frees, 117,445,976 bytes allocated
==25059== 
==25059== Searching for pointers to 1 not-freed blocks
==25059== Checked 106,976 bytes
==25059== 
==25059== LEAK SUMMARY:
==25059==    definitely lost: 0 bytes in 0 blocks
==25059==    indirectly lost: 0 bytes in 0 blocks
==25059==      possibly lost: 0 bytes in 0 blocks
==25059==    still reachable: 72,704 bytes in 1 blocks
==25059==         suppressed: 0 bytes in 0 blocks
==25059== Reachable blocks (those to which a pointer was found) are not shown.
==25059== To see them, rerun with: --leak-check=full --show-leak-kinds=all
==25059== 
==25059== ERROR SUMMARY: 0 errors from 0 contexts (suppressed: 0 from 0)
==25059== ERROR SUMMARY: 0 errors from 0 contexts (suppressed: 0 from 0)
